02/06/2018 17:17:39 Start log
02/06/2018 17:17:39 socket is running - server bat dau hoat dong
02/06/2018 17:19:48 BAT DAU thao tac DONG TU
02/06/2018 17:19:49 sent 2 clientLeft_1
02/06/2018 17:19:50 HE THONG DUNG KHAN CAP
02/06/2018 17:19:52 HOAN THANH thao tac DONG TU
02/06/2018 17:19:56 BAT DAU thao tac DONG TU
02/06/2018 17:20:10 BAT DAU thao tac DONG TU
02/06/2018 17:20:11 sent 2 clientLeft_1
02/06/2018 17:20:14 sent 2 clientLeft_2
02/06/2018 17:20:28 HOAN THANH thao tac DONG TU
02/06/2018 17:20:44 sent 2 clientLeft_1
02/06/2018 17:20:44 sent 2 clientLeft_2
02/06/2018 17:20:54 sent 2 clientLeft_1
02/06/2018 17:20:54 sent 2 clientLeft_2
02/06/2018 17:20:59 sent 2 clientLeft_1
02/06/2018 17:20:59 sent 2 clientLeft_2
02/06/2018 17:21:07 sent 2 clientLeft_1
02/06/2018 17:21:07 sent 2 clientLeft_2
02/06/2018 17:21:32 sent 2 clientLeft_1
02/06/2018 17:21:32 sent 2 clientLeft_2
02/06/2018 17:21:46 sent 2 clientLeft_2
02/06/2018 17:21:48 sent 2 clientLeft_2
02/06/2018 17:22:09 sent 2 clientLeft_2
02/06/2018 17:22:20 sent 2 clientLeft_2
02/06/2018 17:22:46 sent 2 clientLeft_2
02/06/2018 17:23:08 sent 2 clientLeft_2
02/06/2018 17:23:37 sent 2 clientLeft_2
02/06/2018 17:24:01 sent 2 clientLeft_2
02/06/2018 17:24:07 sent 2 clientLeft_2
02/06/2018 17:24:12 sent 2 clientLeft_2
02/06/2018 17:24:28 sent 2 clientLeft_2
02/06/2018 17:25:11 sent 2 clientLeft_2
02/06/2018 17:25:48 sent 2 clientLeft_2
02/06/2018 17:26:40 sent 2 clientLeft_1
02/06/2018 17:26:42 sent 2 clientLeft_1
02/06/2018 17:27:23 sent 2 clientLeft_1
02/06/2018 17:27:29 sent 2 clientLeft_1
02/06/2018 17:27:32 sent 2 clientLeft_1
02/06/2018 17:27:35 sent 2 clientLeft_1
02/06/2018 17:27:39 sent 2 clientLeft_1
02/06/2018 17:27:43 sent 2 clientLeft_1
02/06/2018 17:27:51 sent 2 clientLeft_1
02/06/2018 17:28:33 sent 2 clientLeft_1
02/06/2018 17:28:43 sent 2 clientLeft_1
02/06/2018 17:28:50 sent 2 clientLeft_1
02/06/2018 17:29:16 sent 2 clientLeft_1
02/06/2018 17:29:44 sent 2 clientLeft_1
02/06/2018 17:29:44 sent 2 clientLeft_2
02/06/2018 17:31:39 BAT DAU thao tac DONG TU
02/06/2018 17:31:39 BAT DAU thao tac DONG TU
02/06/2018 17:31:52 HE THONG DUNG KHAN CAP
02/06/2018 17:31:52 HE THONG DUNG KHAN CAP
02/06/2018 17:32:07 BAT DAU thao tac DONG TU
02/06/2018 17:32:07 BAT DAU thao tac DONG TU
02/06/2018 17:32:25 HE THONG DUNG KHAN CAP
02/06/2018 17:32:26 HE THONG DUNG KHAN CAP
02/06/2018 17:32:51 BAT DAU thao tac DONG TU
02/06/2018 17:32:53 HE THONG DUNG KHAN CAP
02/06/2018 17:32:53 HE THONG DUNG KHAN CAP
02/06/2018 17:32:58 BAT DAU thao tac DONG TU
02/06/2018 17:32:58 BAT DAU thao tac DONG TU
02/06/2018 17:33:15 HE THONG DUNG KHAN CAP
02/06/2018 17:33:16 HE THONG DUNG KHAN CAP
02/06/2018 17:33:42 BAT DAU thao tac DONG TU
02/06/2018 17:33:59 HE THONG DUNG KHAN CAP
02/06/2018 17:34:01 HE THONG DUNG KHAN CAP
02/06/2018 17:34:34 Thao tac mo tu tai lieu mo tu - Left_2
02/06/2018 17:34:53 HE THONG DUNG KHAN CAP
02/06/2018 17:34:54 HE THONG DUNG KHAN CAP
02/06/2018 17:35:48 BAT DAU thao tac DONG TU
02/06/2018 17:35:48 BAT DAU thao tac DONG TU
02/06/2018 17:36:57 HE THONG DUNG KHAN CAP
02/06/2018 17:36:57 HE THONG DUNG KHAN CAP
02/06/2018 17:37:44 BAT DAU thao tac DONG TU
02/06/2018 17:38:38 HE THONG DUNG KHAN CAP
02/06/2018 17:38:38 HE THONG DUNG KHAN CAP
02/06/2018 17:39:57 Start log
02/06/2018 17:40:43 Start log
02/06/2018 17:40:43 socket is running - server bat dau hoat dong
02/06/2018 17:41:04 BAT DAU thao tac DONG TU
02/06/2018 17:42:06 HE THONG DUNG KHAN CAP
02/06/2018 17:42:06 HE THONG DUNG KHAN CAP
02/06/2018 17:42:24 BAT DAU thao tac DONG TU
02/06/2018 17:42:36 BAT DAU thao tac DONG TU
02/06/2018 17:42:47 HE THONG DUNG KHAN CAP
02/06/2018 17:42:47 HE THONG DUNG KHAN CAP
02/06/2018 17:44:19 Start log
02/06/2018 17:44:51 Start log
02/06/2018 17:44:51 socket is running - server bat dau hoat dong
02/06/2018 17:46:21 BAT DAU thao tac DONG TU
02/06/2018 17:47:32 HE THONG DUNG KHAN CAP
02/06/2018 17:47:32 HE THONG DUNG KHAN CAP
02/06/2018 17:53:29 BAT DAU thao tac DONG TU
02/06/2018 17:53:29 BAT DAU thao tac DONG TU
02/06/2018 17:53:31 sent 2 clientLeft_1
02/06/2018 17:53:31 sent 2 clientLeft_1
02/06/2018 17:53:31 sent 2 clientLeft_1
02/06/2018 17:53:34 sent 2 clientLeft_2
02/06/2018 17:53:34 sent 2 clientLeft_2
02/06/2018 17:53:34 sent 2 clientLeft_2
02/06/2018 17:53:49 HOAN THANH thao tac DONG TU
02/06/2018 17:53:49 HOAN THANH thao tac DONG TU
02/06/2018 17:53:49 HOAN THANH thao tac DONG TU
02/06/2018 17:53:53 Thao tac mo tu tai lieu mo tu - Left_2
02/06/2018 17:53:53 Thao tac mo tu tai lieu mo tu - Left_2
02/06/2018 17:54:00 Thao tac mo tu tai lieu mo tu - Left_2
02/06/2018 17:54:00 Thao tac mo tu tai lieu mo tu - Left_2
02/06/2018 17:54:01 sent 2 clientLeft_2
02/06/2018 17:54:01 sent 2 clientLeft_2
02/06/2018 17:54:14 Hoan thanh thao tac mo tu- Left_2
02/06/2018 17:54:14 Tu Left_2 dang mo
02/06/2018 17:54:14 Hoan thanh thao tac mo tu- Left_2
02/06/2018 17:54:14 Tu Left_2 dang mo
02/06/2018 17:54:17 Thao tac mo tu tai lieu mo tu - Left_1
02/06/2018 17:54:17 Thao tac mo tu tai lieu mo tu - Left_1
02/06/2018 17:54:19 sent 2 clientLeft_1
02/06/2018 17:54:19 sent 2 clientLeft_1
02/06/2018 17:54:34 Hoan thanh thao tac mo tu- Left_1
02/06/2018 17:54:34 Tu Left_1 dang mo
02/06/2018 17:54:34 Hoan thanh thao tac mo tu- Left_1
02/06/2018 17:54:34 Tu Left_1 dang mo
02/06/2018 17:56:09 BAT DAU thao tac DONG TU
02/06/2018 17:56:11 sent 2 clientLeft_1
02/06/2018 17:56:14 sent 2 clientLeft_2
02/06/2018 17:56:28 HOAN THANH thao tac DONG TU
02/06/2018 17:56:45 sent 2 clientLeft_1
02/06/2018 17:56:45 sent 2 clientLeft_2
02/06/2018 17:56:48 sent 2 clientLeft_1
02/06/2018 17:56:48 sent 2 clientLeft_2
02/06/2018 17:56:59 sent 2 clientLeft_1
02/06/2018 17:56:59 sent 2 clientLeft_2
02/06/2018 17:57:06 sent 2 clientLeft_1
02/06/2018 17:57:06 sent 2 clientLeft_2
02/06/2018 17:57:11 sent 2 clientLeft_1
02/06/2018 17:57:11 sent 2 clientLeft_2
02/06/2018 17:57:19 sent 2 clientLeft_1
02/06/2018 17:57:19 sent 2 clientLeft_2
02/06/2018 17:57:23 sent 2 clientLeft_1
02/06/2018 17:57:23 sent 2 clientLeft_2
02/06/2018 17:57:30 sent 2 clientLeft_1
02/06/2018 17:57:30 sent 2 clientLeft_2
02/06/2018 17:57:40 sent 2 clientLeft_2
02/06/2018 17:57:42 sent 2 clientLeft_2
02/06/2018 17:58:10 sent 2 clientLeft_2
02/06/2018 17:58:13 sent 2 clientLeft_2
02/06/2018 17:58:18 sent 2 clientLeft_2
02/06/2018 17:58:27 sent 2 clientLeft_2
02/06/2018 17:58:32 sent 2 clientLeft_2
02/06/2018 17:58:35 sent 2 clientLeft_2
02/06/2018 17:58:40 sent 2 clientLeft_2
02/06/2018 17:58:43 sent 2 clientLeft_2
02/06/2018 17:58:48 sent 2 clientLeft_2
02/06/2018 17:58:52 sent 2 clientLeft_2
02/06/2018 17:59:03 sent 2 clientLeft_2
02/06/2018 17:59:13 sent 2 clientLeft_1
02/06/2018 17:59:15 sent 2 clientLeft_1
02/06/2018 17:59:32 sent 2 clientLeft_1
02/06/2018 17:59:35 sent 2 clientLeft_1
02/06/2018 17:59:38 sent 2 clientLeft_1
02/06/2018 17:59:49 sent 2 clientLeft_1
02/06/2018 17:59:53 sent 2 clientLeft_1
02/06/2018 17:59:54 sent 2 clientLeft_1
02/06/2018 17:59:58 sent 2 clientLeft_1
02/06/2018 18:00:02 sent 2 clientLeft_1
02/06/2018 18:00:06 sent 2 clientLeft_1
02/06/2018 18:00:12 sent 2 clientLeft_1
02/06/2018 18:00:24 sent 2 clientLeft_1
02/06/2018 18:00:28 sent 2 clientLeft_1
02/06/2018 18:00:28 sent 2 clientLeft_2
02/06/2018 18:00:44 BAT DAU thao tac DONG TU
02/06/2018 18:00:44 BAT DAU thao tac DONG TU
02/06/2018 18:00:57 HE THONG DUNG KHAN CAP
02/06/2018 18:00:57 HE THONG DUNG KHAN CAP
02/06/2018 18:01:06 BAT DAU thao tac DONG TU
02/06/2018 18:01:07 BAT DAU thao tac DONG TU
02/06/2018 18:01:20 HE THONG DUNG KHAN CAP
02/06/2018 18:01:20 HE THONG DUNG KHAN CAP
02/06/2018 20:41:11 Start log
02/06/2018 20:41:11 socket is running - server bat dau hoat dong
02/06/2018 20:41:56 BAT DAU thao tac DONG TU
02/06/2018 20:41:59 sent 2 clientLeft_1
02/06/2018 20:42:02 sent 2 clientLeft_2
02/06/2018 20:42:05 HE THONG DUNG KHAN CAP
02/06/2018 20:42:05 HOAN THANH thao tac DONG TU
02/06/2018 20:42:59 BAT DAU thao tac DONG TU
02/06/2018 20:43:33 BAT DAU thao tac DONG TU
02/06/2018 20:43:34 sent 2 clientLeft_1
02/06/2018 20:43:37 sent 2 clientLeft_2
02/06/2018 20:43:48 HOAN THANH thao tac DONG TU
02/06/2018 20:43:56 Thao tac mo tu tai lieu mo tu - Left_1
02/06/2018 20:43:56 Thao tac mo tu tai lieu mo tu - Left_1
02/06/2018 20:43:58 sent 2 clientLeft_2
02/06/2018 20:43:58 sent 2 clientLeft_2
02/06/2018 20:44:01 sent 2 clientLeft_1
02/06/2018 20:44:01 sent 2 clientLeft_1
02/06/2018 20:44:16 Hoan thanh thao tac mo tu- Left_1
02/06/2018 20:44:16 Tu Left_1 dang mo
02/06/2018 20:44:16 Hoan thanh thao tac mo tu- Left_1
02/06/2018 20:44:16 Tu Left_1 dang mo
02/06/2018 20:44:23 Thao tac mo tu tai lieu mo tu - Left_2
02/06/2018 20:44:24 sent 2 clientLeft_1
02/06/2018 20:44:58 HE THONG DUNG KHAN CAP
02/06/2018 20:44:58 Hoan thanh thao tac mo tu- Left_2
02/06/2018 20:44:58 Tu Left_2 dang mo
02/06/2018 20:45:12 BAT DAU thao tac DONG TU
02/06/2018 20:45:12 BAT DAU thao tac DONG TU
02/06/2018 20:45:13 sent 2 clientLeft_1
02/06/2018 20:45:13 sent 2 clientLeft_1
02/06/2018 20:45:16 sent 2 clientLeft_2
02/06/2018 20:45:16 sent 2 clientLeft_2
02/06/2018 20:45:28 HOAN THANH thao tac DONG TU
02/06/2018 20:45:28 HOAN THANH thao tac DONG TU
02/06/2018 20:45:34 Thao tac mo tu tai lieu mo tu - Left_1
02/06/2018 20:45:35 Thao tac mo tu tai lieu mo tu - Left_1
02/06/2018 20:45:35 sent 2 clientLeft_2
02/06/2018 20:45:35 sent 2 clientLeft_2
02/06/2018 20:45:38 sent 2 clientLeft_1
02/06/2018 20:45:38 sent 2 clientLeft_1
02/06/2018 20:45:52 Hoan thanh thao tac mo tu- Left_1
02/06/2018 20:45:52 Hoan thanh thao tac mo tu- Left_1
02/06/2018 20:45:52 Tu Left_1 dang mo
02/06/2018 20:45:52 Tu Left_1 dang mo
02/06/2018 20:45:55 Thao tac mo tu tai lieu mo tu - Left_2
02/06/2018 20:45:55 Thao tac mo tu tai lieu mo tu - Left_2
02/06/2018 20:45:57 sent 2 clientLeft_1
02/06/2018 20:45:57 sent 2 clientLeft_1
02/06/2018 20:46:09 Hoan thanh thao tac mo tu- Left_2
02/06/2018 20:46:09 Tu Left_2 dang mo
02/06/2018 20:46:09 Hoan thanh thao tac mo tu- Left_2
02/06/2018 20:46:09 Tu Left_2 dang mo
02/06/2018 20:46:27 BAT DAU thao tac DONG TU
02/06/2018 20:46:29 sent 2 clientLeft_1
02/06/2018 20:46:32 sent 2 clientLeft_2
02/06/2018 20:46:44 HOAN THANH thao tac DONG TU
02/06/2018 20:47:25 sent 2 clientLeft_1
02/06/2018 20:47:25 sent 2 clientLeft_2
02/06/2018 20:47:31 sent 2 clientLeft_1
02/06/2018 20:47:31 sent 2 clientLeft_2
02/06/2018 20:47:42 sent 2 clientLeft_1
02/06/2018 20:47:42 sent 2 clientLeft_2
02/06/2018 20:47:49 sent 2 clientLeft_1
02/06/2018 20:47:49 sent 2 clientLeft_2
02/06/2018 20:47:57 sent 2 clientLeft_1
02/06/2018 20:47:57 sent 2 clientLeft_2
02/06/2018 20:48:10 sent 2 clientLeft_2
02/06/2018 20:48:12 sent 2 clientLeft_2
02/06/2018 20:48:35 sent 2 clientLeft_2
02/06/2018 20:48:38 sent 2 clientLeft_2
02/06/2018 20:48:42 sent 2 clientLeft_2
02/06/2018 20:48:46 sent 2 clientLeft_2
02/06/2018 20:49:07 sent 2 clientLeft_2
02/06/2018 20:49:12 sent 2 clientLeft_2
02/06/2018 20:49:21 sent 2 clientLeft_2
02/06/2018 20:49:30 sent 2 clientLeft_2
02/06/2018 20:49:34 sent 2 clientLeft_2
02/06/2018 20:49:40 sent 2 clientLeft_2
02/06/2018 20:49:52 sent 2 clientLeft_2
02/06/2018 20:49:53 sent 2 clientLeft_1
02/06/2018 20:49:55 sent 2 clientLeft_1
02/06/2018 20:50:11 sent 2 clientLeft_1
02/06/2018 20:50:14 sent 2 clientLeft_1
02/06/2018 20:50:17 sent 2 clientLeft_1
02/06/2018 20:50:21 sent 2 clientLeft_1
02/06/2018 20:50:24 sent 2 clientLeft_1
02/06/2018 20:50:29 sent 2 clientLeft_1
02/06/2018 20:50:32 sent 2 clientLeft_1
02/06/2018 20:50:35 sent 2 clientLeft_1
02/06/2018 20:50:39 sent 2 clientLeft_1
02/06/2018 20:50:53 sent 2 clientLeft_1
02/06/2018 20:51:11 sent 2 clientLeft_1
02/06/2018 20:51:29 sent 2 clientLeft_1
02/06/2018 20:51:29 sent 2 clientLeft_2
02/06/2018 20:52:17 BAT DAU thao tac DONG TU
02/06/2018 20:52:17 BAT DAU thao tac DONG TU
02/06/2018 20:52:29 HE THONG DUNG KHAN CAP
02/06/2018 20:52:29 HE THONG DUNG KHAN CAP
02/06/2018 20:53:00 BAT DAU thao tac DONG TU
02/06/2018 20:53:24 HE THONG DUNG KHAN CAP
02/06/2018 20:53:24 HE THONG DUNG KHAN CAP
02/06/2018 20:54:02 BAT DAU thao tac DONG TU
02/06/2018 20:54:02 BAT DAU thao tac DONG TU
02/06/2018 20:54:02 BAT DAU thao tac DONG TU
02/06/2018 20:54:02 BAT DAU thao tac DONG TU
02/06/2018 20:54:06 sent 2 clientLeft_1
02/06/2018 20:54:06 sent 2 clientLeft_1
02/06/2018 20:54:06 sent 2 clientLeft_1
02/06/2018 20:54:06 sent 2 clientLeft_1
02/06/2018 20:54:06 sent 2 clientLeft_1
02/06/2018 20:54:06 sent 2 clientLeft_1
02/06/2018 20:54:06 sent 2 clientLeft_1
02/06/2018 20:54:09 sent 2 clientLeft_2
02/06/2018 20:54:09 sent 2 clientLeft_2
02/06/2018 20:54:09 sent 2 clientLeft_2
02/06/2018 20:54:09 sent 2 clientLeft_2
02/06/2018 20:54:09 sent 2 clientLeft_2
02/06/2018 20:54:09 sent 2 clientLeft_2
02/06/2018 20:54:09 sent 2 clientLeft_2
02/06/2018 20:54:12 HOAN THANH thao tac DONG TU
02/06/2018 20:54:12 HOAN THANH thao tac DONG TU
02/06/2018 20:54:12 HOAN THANH thao tac DONG TU
02/06/2018 20:54:12 HOAN THANH thao tac DONG TU
02/06/2018 20:54:12 HOAN THANH thao tac DONG TU
02/06/2018 20:54:12 HOAN THANH thao tac DONG TU
02/06/2018 20:54:12 HOAN THANH thao tac DONG TU
02/06/2018 20:54:35 Thao tac mo tu tai lieu mo tu - Left_1
02/06/2018 20:54:35 Thao tac mo tu tai lieu mo tu - Left_1
02/06/2018 20:54:38 sent 2 clientLeft_2
02/06/2018 20:54:38 sent 2 clientLeft_2
02/06/2018 20:54:41 sent 2 clientLeft_1
02/06/2018 20:54:41 sent 2 clientLeft_1
02/06/2018 20:54:44 Hoan thanh thao tac mo tu- Left_1
02/06/2018 20:54:44 Tu Left_1 dang mo
02/06/2018 20:54:44 Hoan thanh thao tac mo tu- Left_1
02/06/2018 20:54:44 Tu Left_1 dang mo
02/06/2018 20:54:51 BAT DAU thao tac DONG TU
02/06/2018 20:54:51 BAT DAU thao tac DONG TU
02/06/2018 20:54:51 sent 2 clientLeft_1
02/06/2018 20:54:51 sent 2 clientLeft_1
02/06/2018 20:54:54 sent 2 clientLeft_2
02/06/2018 20:54:54 sent 2 clientLeft_2
02/06/2018 20:54:57 HOAN THANH thao tac DONG TU
02/06/2018 20:54:57 HOAN THANH thao tac DONG TU
02/06/2018 20:55:05 Thao tac mo tu tai lieu mo tu - Left_2
02/06/2018 20:55:05 Thao tac mo tu tai lieu mo tu - Left_2
02/06/2018 20:55:06 sent 2 clientLeft_2
02/06/2018 20:55:06 sent 2 clientLeft_2
02/06/2018 20:57:21 HE THONG DUNG KHAN CAP
02/06/2018 20:57:21 Hoan thanh thao tac mo tu- Left_2
02/06/2018 20:57:21 Tu Left_2 dang mo
02/06/2018 20:57:21 Hoan thanh thao tac mo tu- Left_2
02/06/2018 20:57:21 Tu Left_2 dang mo
02/06/2018 20:57:21 HE THONG DUNG KHAN CAP
02/06/2018 21:33:40 BAT DAU thao tac DONG TU
02/06/2018 21:33:40 BAT DAU thao tac DONG TU
02/06/2018 21:33:40 sent 2 clientLeft_1
02/06/2018 21:33:40 sent 2 clientLeft_1
02/06/2018 21:33:43 sent 2 clientLeft_2
02/06/2018 21:33:43 sent 2 clientLeft_2
02/06/2018 21:33:46 HOAN THANH thao tac DONG TU
02/06/2018 21:33:46 HOAN THANH thao tac DONG TU
02/06/2018 21:34:00 Thao tac mo tu tai lieu mo tu - Left_2
02/06/2018 21:34:00 Thao tac mo tu tai lieu mo tu - Left_2
02/06/2018 21:34:01 sent 2 clientLeft_2
02/06/2018 21:34:01 sent 2 clientLeft_2
02/06/2018 21:34:15 HE THONG DUNG KHAN CAP
02/06/2018 21:34:15 Hoan thanh thao tac mo tu- Left_2
02/06/2018 21:34:15 Hoan thanh thao tac mo tu- Left_2
02/06/2018 21:34:15 Tu Left_2 dang mo
02/06/2018 21:34:15 Tu Left_2 dang mo
02/06/2018 21:35:14 BAT DAU thao tac DONG TU
02/06/2018 21:35:14 BAT DAU thao tac DONG TU
02/06/2018 21:35:16 sent 2 clientLeft_1
02/06/2018 21:35:16 sent 2 clientLeft_1
02/06/2018 21:35:17 HE THONG DUNG KHAN CAP
02/06/2018 21:35:19 HOAN THANH thao tac DONG TU
02/06/2018 21:35:19 HOAN THANH thao tac DONG TU
02/06/2018 21:35:33 BAT DAU thao tac DONG TU
02/06/2018 21:35:33 BAT DAU thao tac DONG TU
02/06/2018 21:35:34 sent 2 clientLeft_1
02/06/2018 21:35:34 sent 2 clientLeft_1
02/06/2018 21:35:37 sent 2 clientLeft_2
02/06/2018 21:35:37 sent 2 clientLeft_2
02/06/2018 21:35:52 HE THONG DUNG KHAN CAP
02/06/2018 21:35:52 HOAN THANH thao tac DONG TU
02/06/2018 21:35:52 HOAN THANH thao tac DONG TU
02/06/2018 21:36:46 BAT DAU thao tac DONG TU
02/06/2018 21:36:46 BAT DAU thao tac DONG TU
02/06/2018 21:36:52 BAT DAU thao tac DONG TU
02/06/2018 21:36:52 BAT DAU thao tac DONG TU
02/06/2018 21:36:55 sent 2 clientLeft_1
02/06/2018 21:36:58 sent 2 clientLeft_2
02/06/2018 21:37:01 HOAN THANH thao tac DONG TU
02/06/2018 21:37:10 Thao tac mo tu tai lieu mo tu - Left_2
02/06/2018 21:37:10 Thao tac mo tu tai lieu mo tu - Left_2
02/06/2018 21:37:11 sent 2 clientLeft_2
02/06/2018 21:37:11 sent 2 clientLeft_2
02/06/2018 21:37:11 sent 2 clientLeft_1
02/06/2018 21:37:14 sent 2 clientLeft_2
02/06/2018 21:37:17 HOAN THANH thao tac DONG TU
02/06/2018 21:37:17 Hoan thanh thao tac mo tu- Left_2
02/06/2018 21:37:17 Tu Left_2 dang mo
02/06/2018 21:37:17 Hoan thanh thao tac mo tu- Left_2
02/06/2018 21:37:17 Tu Left_2 dang mo
02/06/2018 21:37:22 Thao tac mo tu tai lieu mo tu - Left_2
02/06/2018 21:37:22 Thao tac mo tu tai lieu mo tu - Left_2
02/06/2018 21:37:24 sent 2 clientLeft_2
02/06/2018 21:37:24 sent 2 clientLeft_2
02/06/2018 21:37:38 Hoan thanh thao tac mo tu- Left_2
02/06/2018 21:37:38 Tu Left_2 dang mo
02/06/2018 21:37:38 Hoan thanh thao tac mo tu- Left_2
02/06/2018 21:37:38 Tu Left_2 dang mo
02/06/2018 21:37:43 BAT DAU thao tac DONG TU
02/06/2018 21:37:43 BAT DAU thao tac DONG TU
02/06/2018 21:37:45 sent 2 clientLeft_1
02/06/2018 21:37:48 sent 2 clientLeft_2
02/06/2018 21:38:00 HE THONG DUNG KHAN CAP
02/06/2018 21:38:00 HOAN THANH thao tac DONG TU
02/06/2018 21:38:08 BAT DAU thao tac DONG TU
02/06/2018 21:38:08 BAT DAU thao tac DONG TU
02/06/2018 21:38:21 BAT DAU thao tac DONG TU
02/06/2018 21:38:22 BAT DAU thao tac DONG TU
02/06/2018 21:38:24 sent 2 clientLeft_1
02/06/2018 21:38:24 sent 2 clientLeft_1
02/06/2018 21:38:27 sent 2 clientLeft_2
02/06/2018 21:38:27 sent 2 clientLeft_2
02/06/2018 21:38:39 HE THONG DUNG KHAN CAP
02/06/2018 21:38:39 HOAN THANH thao tac DONG TU
02/06/2018 21:38:39 HOAN THANH thao tac DONG TU
02/06/2018 21:39:00 BAT DAU thao tac DONG TU
02/06/2018 21:39:00 BAT DAU thao tac DONG TU
02/06/2018 21:39:03 sent 2 clientLeft_1
02/06/2018 21:39:03 sent 2 clientLeft_1
02/06/2018 21:39:03 sent 2 clientLeft_1
02/06/2018 21:39:06 sent 2 clientLeft_2
02/06/2018 21:39:06 sent 2 clientLeft_2
02/06/2018 21:39:06 sent 2 clientLeft_2
02/06/2018 21:39:19 HE THONG DUNG KHAN CAP
02/06/2018 21:39:19 HOAN THANH thao tac DONG TU
02/06/2018 21:39:19 HOAN THANH thao tac DONG TU
02/06/2018 21:39:19 HOAN THANH thao tac DONG TU
02/06/2018 21:39:27 Thao tac mo tu tai lieu mo tu - Left_1
02/06/2018 21:39:27 Thao tac mo tu tai lieu mo tu - Left_1
02/06/2018 21:39:30 opening tu ben trai
02/06/2018 21:39:30 opening tu ben trai
02/06/2018 21:39:30 sent 2 clientLeft_2
02/06/2018 21:39:30 sent 2 clientLeft_2
02/06/2018 21:39:33 sent 2 clientLeft_1
02/06/2018 21:39:33 sent 2 clientLeft_1
02/06/2018 21:39:36 opening case tu tat ca cac tu deu dong
02/06/2018 21:39:36 opening case tu tat ca cac tu deu dong
02/06/2018 21:39:45 Hoan thanh thao tac mo tu- Left_1
02/06/2018 21:39:45 Hoan thanh thao tac mo tu- Left_1
02/06/2018 21:39:45 Tu Left_1 dang mo
02/06/2018 21:39:45 Tu Left_1 dang mo
02/06/2018 21:39:47 BAT DAU thao tac DONG TU
02/06/2018 21:39:47 BAT DAU thao tac DONG TU
02/06/2018 21:39:48 sent 2 clientLeft_1
02/06/2018 21:39:48 sent 2 clientLeft_1
02/06/2018 21:39:51 sent 2 clientLeft_2
02/06/2018 21:39:51 sent 2 clientLeft_2
02/06/2018 21:40:23 HE THONG DUNG KHAN CAP
02/06/2018 21:40:23 HOAN THANH thao tac DONG TU
02/06/2018 21:40:23 HOAN THANH thao tac DONG TU
02/06/2018 21:45:53 Start log
02/06/2018 21:45:53 socket is running - server bat dau hoat dong
02/06/2018 21:46:52 BAT DAU thao tac DONG TU
02/06/2018 21:46:53 sent 2 clientLeft_1
02/06/2018 21:46:56 sent 2 clientLeft_2
02/06/2018 21:46:57 HE THONG DUNG KHAN CAP
02/06/2018 21:46:59 HOAN THANH thao tac DONG TU
02/06/2018 21:47:12 BAT DAU thao tac DONG TU
02/06/2018 21:47:30 BAT DAU thao tac DONG TU
02/06/2018 21:47:30 BAT DAU thao tac DONG TU
02/06/2018 21:47:31 sent 2 clientLeft_1
02/06/2018 21:47:31 sent 2 clientLeft_1
02/06/2018 21:47:34 sent 2 clientLeft_2
02/06/2018 21:47:34 sent 2 clientLeft_2
02/06/2018 21:47:36 HE THONG DUNG KHAN CAP
02/06/2018 21:47:37 HOAN THANH thao tac DONG TU
02/06/2018 21:47:37 HOAN THANH thao tac DONG TU
02/06/2018 21:48:01 BAT DAU thao tac DONG TU
02/06/2018 21:48:02 sent 2 clientLeft_1
02/06/2018 21:48:05 sent 2 clientLeft_2
02/06/2018 21:48:06 HE THONG DUNG KHAN CAP
02/06/2018 21:48:08 HOAN THANH thao tac DONG TU
02/06/2018 21:48:25 BAT DAU thao tac DONG TU
02/06/2018 21:48:25 BAT DAU thao tac DONG TU
02/06/2018 21:48:26 sent 2 clientLeft_1
02/06/2018 21:48:26 sent 2 clientLeft_1
02/06/2018 21:48:29 sent 2 clientLeft_2
02/06/2018 21:48:29 sent 2 clientLeft_2
02/06/2018 21:48:30 HE THONG DUNG KHAN CAP
02/06/2018 21:48:32 HOAN THANH thao tac DONG TU
02/06/2018 21:48:32 HOAN THANH thao tac DONG TU
02/06/2018 21:49:37 BAT DAU thao tac DONG TU
02/06/2018 21:49:37 BAT DAU thao tac DONG TU
02/06/2018 21:49:38 sent 2 clientLeft_1
02/06/2018 21:49:38 sent 2 clientLeft_1
02/06/2018 21:49:41 sent 2 clientLeft_2
02/06/2018 21:49:41 sent 2 clientLeft_2
02/06/2018 21:49:43 HE THONG DUNG KHAN CAP
02/06/2018 21:49:44 HOAN THANH thao tac DONG TU
02/06/2018 21:49:44 HOAN THANH thao tac DONG TU
02/06/2018 21:50:14 BAT DAU thao tac DONG TU
02/06/2018 21:50:14 BAT DAU thao tac DONG TU
02/06/2018 21:50:15 sent 2 clientLeft_1
02/06/2018 21:50:15 sent 2 clientLeft_1
02/06/2018 21:50:18 sent 2 clientLeft_2
02/06/2018 21:50:18 sent 2 clientLeft_2
02/06/2018 21:50:29 HOAN THANH thao tac DONG TU
02/06/2018 21:50:29 HOAN THANH thao tac DONG TU
02/06/2018 21:51:12 sent 2 clientLeft_1
02/06/2018 21:51:12 sent 2 clientLeft_2
02/06/2018 21:51:18 sent 2 clientLeft_1
02/06/2018 21:51:18 sent 2 clientLeft_2
02/06/2018 21:51:34 sent 2 clientLeft_1
02/06/2018 21:51:34 sent 2 clientLeft_2
02/06/2018 21:51:43 sent 2 clientLeft_1
02/06/2018 21:51:43 sent 2 clientLeft_2
02/06/2018 21:51:55 sent 2 clientLeft_1
02/06/2018 21:51:55 sent 2 clientLeft_2
02/06/2018 21:52:10 sent 2 clientLeft_2
02/06/2018 21:52:12 sent 2 clientLeft_2
02/06/2018 21:52:29 sent 2 clientLeft_2
02/06/2018 21:52:35 sent 2 clientLeft_2
02/06/2018 21:52:41 sent 2 clientLeft_2
02/06/2018 21:52:45 sent 2 clientLeft_2
02/06/2018 21:52:51 sent 2 clientLeft_2
02/06/2018 21:52:57 sent 2 clientLeft_2
02/06/2018 21:53:01 sent 2 clientLeft_2
02/06/2018 21:53:07 sent 2 clientLeft_2
02/06/2018 21:53:12 sent 2 clientLeft_2
02/06/2018 21:53:19 sent 2 clientLeft_2
02/06/2018 21:53:27 sent 2 clientLeft_2
02/06/2018 21:53:46 sent 2 clientLeft_1
02/06/2018 21:53:48 sent 2 clientLeft_1
02/06/2018 21:54:01 sent 2 clientLeft_1
02/06/2018 21:54:04 sent 2 clientLeft_1
02/06/2018 21:54:06 sent 2 clientLeft_1
02/06/2018 21:54:09 sent 2 clientLeft_1
02/06/2018 21:54:12 sent 2 clientLeft_1
02/06/2018 21:54:15 sent 2 clientLeft_1
02/06/2018 21:54:18 sent 2 clientLeft_1
02/06/2018 21:55:58 sent 2 clientLeft_1
02/06/2018 21:55:58 sent 2 clientLeft_2
02/06/2018 21:56:38 sent 2 clientLeft_1
02/06/2018 21:56:38 sent 2 clientLeft_2
02/06/2018 21:56:41 sent 2 clientLeft_1
02/06/2018 21:56:41 sent 2 clientLeft_2
02/06/2018 21:57:31 sent 2 clientLeft_1
02/06/2018 21:57:31 sent 2 clientLeft_2
02/06/2018 21:57:42 sent 2 clientLeft_1
02/06/2018 21:57:42 sent 2 clientLeft_2
02/06/2018 22:07:22 sent 2 clientLeft_1
02/06/2018 22:07:22 sent 2 clientLeft_2
02/06/2018 22:08:32 sent 2 clientLeft_1
02/06/2018 22:08:32 sent 2 clientLeft_2
02/06/2018 22:08:36 sent 2 clientLeft_1
02/06/2018 22:08:36 sent 2 clientLeft_2
02/06/2018 22:08:58 sent 2 clientLeft_1
02/06/2018 22:08:58 sent 2 clientLeft_2
02/06/2018 22:09:21 sent 2 clientLeft_1
02/06/2018 22:09:21 sent 2 clientLeft_2
02/06/2018 22:09:34 sent 2 clientLeft_1
02/06/2018 22:09:34 sent 2 clientLeft_2
02/06/2018 22:09:53 sent 2 clientLeft_1
02/06/2018 22:09:53 sent 2 clientLeft_2
02/06/2018 22:13:40 sent 2 clientLeft_1
02/06/2018 22:13:40 sent 2 clientLeft_2
02/06/2018 22:13:47 sent 2 clientLeft_1
02/06/2018 22:13:47 sent 2 clientLeft_2
02/06/2018 22:14:01 sent 2 clientLeft_1
02/06/2018 22:14:01 sent 2 clientLeft_2
02/06/2018 22:14:09 sent 2 clientLeft_1
02/06/2018 22:14:09 sent 2 clientLeft_2
02/06/2018 22:14:26 sent 2 clientLeft_1
02/06/2018 22:14:26 sent 2 clientLeft_2
02/06/2018 22:14:31 sent 2 clientLeft_2
02/06/2018 22:14:33 sent 2 clientLeft_2
02/06/2018 22:15:11 sent 2 clientLeft_2
02/06/2018 22:15:13 sent 2 clientLeft_2
02/06/2018 22:15:30 sent 2 clientLeft_2
02/06/2018 22:15:37 sent 2 clientLeft_2
02/06/2018 22:15:42 sent 2 clientLeft_2
02/06/2018 22:15:46 sent 2 clientLeft_2
02/06/2018 22:15:51 sent 2 clientLeft_2
02/06/2018 22:16:05 sent 2 clientLeft_2
02/06/2018 22:16:09 sent 2 clientLeft_2
02/06/2018 22:16:15 sent 2 clientLeft_2
02/06/2018 22:16:19 sent 2 clientLeft_2
02/06/2018 22:16:37 sent 2 clientLeft_1
02/06/2018 22:16:39 sent 2 clientLeft_1
02/06/2018 22:16:46 sent 2 clientLeft_1
02/06/2018 22:16:52 sent 2 clientLeft_1
02/06/2018 22:16:57 sent 2 clientLeft_1
02/06/2018 22:17:02 sent 2 clientLeft_1
02/06/2018 22:17:08 sent 2 clientLeft_1
02/06/2018 22:17:13 sent 2 clientLeft_1
02/06/2018 22:17:32 sent 2 clientLeft_1
02/06/2018 22:17:36 sent 2 clientLeft_1
02/06/2018 22:17:40 sent 2 clientLeft_1
02/06/2018 22:17:45 sent 2 clientLeft_1
02/06/2018 22:17:52 sent 2 clientLeft_1
02/06/2018 22:17:57 sent 2 clientLeft_1
02/06/2018 22:17:57 sent 2 clientLeft_2
02/06/2018 22:31:18 Start log
02/06/2018 22:31:18 socket is running - server bat dau hoat dong
02/06/2018 22:31:26 [Errno 104] Kết nối bị đặt lại bởi ngang hàng
02/06/2018 22:31:50 BAT DAU thao tac DONG TU
02/06/2018 22:32:34 HE THONG DUNG KHAN CAP
02/06/2018 22:32:34 HE THONG DUNG KHAN CAP
02/06/2018 22:32:44 BAT DAU thao tac DONG TU
02/06/2018 22:33:10 HE THONG DUNG KHAN CAP
02/06/2018 22:33:10 HE THONG DUNG KHAN CAP
02/06/2018 22:33:39 BAT DAU thao tac DONG TU
02/06/2018 22:33:39 BAT DAU thao tac DONG TU
02/06/2018 22:33:52 HE THONG DUNG KHAN CAP
02/06/2018 22:33:52 HE THONG DUNG KHAN CAP
02/06/2018 22:34:16 BAT DAU thao tac DONG TU
02/06/2018 22:34:17 sent 2 clientLeft_1
02/06/2018 22:34:17 sent 2 clientLeft_1
02/06/2018 22:34:17 sent 2 clientLeft_1
02/06/2018 22:34:17 sent 2 clientLeft_1
02/06/2018 22:34:17 sent 2 clientLeft_1
02/06/2018 22:34:20 sent 2 clientLeft_2
02/06/2018 22:34:20 sent 2 clientLeft_2
02/06/2018 22:34:20 sent 2 clientLeft_2
02/06/2018 22:34:20 sent 2 clientLeft_2
02/06/2018 22:34:20 sent 2 clientLeft_2
02/06/2018 22:34:33 HOAN THANH thao tac DONG TU
02/06/2018 22:34:33 HOAN THANH thao tac DONG TU
02/06/2018 22:34:33 HOAN THANH thao tac DONG TU
02/06/2018 22:34:33 HOAN THANH thao tac DONG TU
02/06/2018 22:34:33 HOAN THANH thao tac DONG TU
02/06/2018 22:34:59 sent 2 clientLeft_1
02/06/2018 22:34:59 sent 2 clientLeft_2
02/06/2018 22:35:05 sent 2 clientLeft_1
02/06/2018 22:35:05 sent 2 clientLeft_2
02/06/2018 22:35:21 sent 2 clientLeft_1
02/06/2018 22:35:21 sent 2 clientLeft_2
02/06/2018 22:35:30 sent 2 clientLeft_1
02/06/2018 22:35:30 sent 2 clientLeft_2
02/06/2018 22:35:38 sent 2 clientLeft_1
02/06/2018 22:35:38 sent 2 clientLeft_2
02/06/2018 22:35:46 sent 2 clientLeft_2
02/06/2018 22:35:48 sent 2 clientLeft_2
02/06/2018 22:36:03 sent 2 clientLeft_2
02/06/2018 22:36:07 sent 2 clientLeft_2
02/06/2018 22:36:11 sent 2 clientLeft_2
02/06/2018 22:36:15 sent 2 clientLeft_2
02/06/2018 22:36:21 sent 2 clientLeft_2
02/06/2018 22:36:28 sent 2 clientLeft_2
02/06/2018 22:36:33 sent 2 clientLeft_2
02/06/2018 22:36:37 sent 2 clientLeft_2
02/06/2018 22:36:41 sent 2 clientLeft_2
02/06/2018 22:36:47 sent 2 clientLeft_2
02/06/2018 22:36:51 sent 2 clientLeft_2
02/06/2018 22:36:56 sent 2 clientLeft_1
02/06/2018 22:36:58 sent 2 clientLeft_1
02/06/2018 22:37:27 sent 2 clientLeft_1
02/06/2018 22:37:30 sent 2 clientLeft_1
02/06/2018 22:37:32 sent 2 clientLeft_1
02/06/2018 22:37:34 sent 2 clientLeft_1
02/06/2018 22:37:36 sent 2 clientLeft_1
02/06/2018 22:37:38 sent 2 clientLeft_1
02/06/2018 22:37:41 sent 2 clientLeft_1
02/06/2018 22:37:42 sent 2 clientLeft_1
02/06/2018 22:37:44 sent 2 clientLeft_1
02/06/2018 22:37:54 sent 2 clientLeft_1
02/06/2018 22:38:05 sent 2 clientLeft_1
02/06/2018 22:38:28 sent 2 clientLeft_1
02/06/2018 22:38:28 sent 2 clientLeft_2
02/06/2018 22:44:32 sent 2 clientLeft_1
02/06/2018 22:44:32 sent 2 clientLeft_2
02/06/2018 22:44:35 sent 2 clientLeft_1
02/06/2018 22:44:35 sent 2 clientLeft_2
02/06/2018 22:44:50 sent 2 clientLeft_1
02/06/2018 22:44:50 sent 2 clientLeft_2
02/06/2018 22:44:56 sent 2 clientLeft_1
02/06/2018 22:44:56 sent 2 clientLeft_2
02/06/2018 22:45:00 sent 2 clientLeft_1
02/06/2018 22:45:00 sent 2 clientLeft_2
02/06/2018 22:45:03 sent 2 clientLeft_2
02/06/2018 22:45:05 sent 2 clientLeft_2
02/06/2018 22:45:07 sent 2 clientLeft_2
02/06/2018 22:45:08 sent 2 clientLeft_2
02/06/2018 22:45:09 sent 2 clientLeft_2
02/06/2018 22:45:10 sent 2 clientLeft_2
02/06/2018 22:45:11 sent 2 clientLeft_2
02/06/2018 22:45:12 sent 2 clientLeft_2
02/06/2018 22:45:14 sent 2 clientLeft_2
02/06/2018 22:45:18 sent 2 clientLeft_2
02/06/2018 22:45:24 sent 2 clientLeft_2
02/06/2018 22:45:26 sent 2 clientLeft_2
02/06/2018 22:45:29 sent 2 clientLeft_2
02/06/2018 22:45:33 sent 2 clientLeft_1
02/06/2018 22:45:35 sent 2 clientLeft_1
02/06/2018 22:45:36 sent 2 clientLeft_1
02/06/2018 22:45:38 sent 2 clientLeft_1
02/06/2018 22:45:40 sent 2 clientLeft_1
02/06/2018 22:45:41 sent 2 clientLeft_1
02/06/2018 22:45:43 sent 2 clientLeft_1
02/06/2018 22:45:44 sent 2 clientLeft_1
02/06/2018 22:45:46 sent 2 clientLeft_1
02/06/2018 22:45:48 sent 2 clientLeft_1
02/06/2018 22:45:51 sent 2 clientLeft_1
02/06/2018 22:45:52 sent 2 clientLeft_1
02/06/2018 22:45:54 sent 2 clientLeft_1
02/06/2018 22:45:56 sent 2 clientLeft_1
02/06/2018 22:45:56 sent 2 clientLeft_2
02/06/2018 22:46:48 sent 2 clientLeft_1
02/06/2018 22:46:48 sent 2 clientLeft_2
02/06/2018 22:46:53 sent 2 clientLeft_1
02/06/2018 22:46:53 sent 2 clientLeft_2
02/06/2018 22:47:12 sent 2 clientLeft_1
02/06/2018 22:47:12 sent 2 clientLeft_2
02/06/2018 22:47:21 sent 2 clientLeft_1
02/06/2018 22:47:21 sent 2 clientLeft_2
02/06/2018 22:51:30 sent 2 clientLeft_1
02/06/2018 22:51:30 sent 2 clientLeft_2
02/06/2018 22:51:47 sent 2 clientLeft_1
02/06/2018 22:51:47 sent 2 clientLeft_2
02/06/2018 22:54:24 sent 2 clientLeft_1
02/06/2018 22:54:24 sent 2 clientLeft_2
02/06/2018 22:54:28 sent 2 clientLeft_1
02/06/2018 22:54:28 sent 2 clientLeft_2
02/06/2018 22:58:28 sent 2 clientLeft_1
02/06/2018 22:58:28 sent 2 clientLeft_2
02/06/2018 22:58:42 sent 2 clientLeft_1
02/06/2018 22:58:42 sent 2 clientLeft_2
02/06/2018 22:58:43 [Errno 104] Kết nối bị đặt lại bởi ngang hàng
02/06/2018 23:01:25 sent 2 clientLeft_1
02/06/2018 23:01:25 sent 2 clientLeft_2
02/06/2018 23:01:28 sent 2 clientLeft_1
02/06/2018 23:01:28 sent 2 clientLeft_2
02/06/2018 23:04:47 Start log
02/06/2018 23:04:47 socket is running - server bat dau hoat dong
02/06/2018 23:05:41 Start log
02/06/2018 23:07:06 Start log
02/06/2018 23:07:06 socket is running - server bat dau hoat dong
02/06/2018 23:07:47 BAT DAU thao tac DONG TU
02/06/2018 23:07:59 HE THONG DUNG KHAN CAP
02/06/2018 23:08:45 BAT DAU thao tac DONG TU
02/06/2018 23:08:47 sent 2 clientLeft_1
02/06/2018 23:08:50 sent 2 clientLeft_2
02/06/2018 23:09:02 HOAN THANH thao tac DONG TU
02/06/2018 23:09:16 Thao tac mo tu tai lieu mo tu - Left_2
02/06/2018 23:09:16 sent 2 clientLeft_1
02/06/2018 23:09:16 sent 2 clientLeft_2
02/06/2018 23:09:19 sent 2 clientLeft_2
02/06/2018 23:09:20 HE THONG DUNG KHAN CAP
02/06/2018 23:09:20 Hoan thanh thao tac mo tu- Left_2
02/06/2018 23:09:20 Tu Left_2 dang mo
02/06/2018 23:09:22 HOAN THANH thao tac DONG TU
02/06/2018 23:09:31 BAT DAU thao tac DONG TU
02/06/2018 23:09:32 sent 2 clientLeft_1
02/06/2018 23:09:35 sent 2 clientLeft_2
02/06/2018 23:09:38 HOAN THANH thao tac DONG TU
02/06/2018 23:09:52 sent 2 clientLeft_1
02/06/2018 23:09:52 sent 2 clientLeft_2
02/06/2018 23:09:57 sent 2 clientLeft_1
02/06/2018 23:09:57 sent 2 clientLeft_2
02/06/2018 23:10:03 sent 2 clientLeft_1
02/06/2018 23:10:03 sent 2 clientLeft_2
02/06/2018 23:10:14 sent 2 clientLeft_1
02/06/2018 23:10:14 sent 2 clientLeft_2
02/06/2018 23:10:21 sent 2 clientLeft_1
02/06/2018 23:10:21 sent 2 clientLeft_2
02/06/2018 23:10:27 sent 2 clientLeft_2
02/06/2018 23:10:29 sent 2 clientLeft_2
02/06/2018 23:10:42 sent 2 clientLeft_2
02/06/2018 23:10:46 sent 2 clientLeft_2
02/06/2018 23:10:51 sent 2 clientLeft_2
02/06/2018 23:10:58 sent 2 clientLeft_2
02/06/2018 23:11:00 sent 2 clientLeft_2
02/06/2018 23:11:03 sent 2 clientLeft_2
02/06/2018 23:11:13 sent 2 clientLeft_2
02/06/2018 23:11:18 sent 2 clientLeft_2
02/06/2018 23:11:22 sent 2 clientLeft_2
02/06/2018 23:12:15 sent 2 clientLeft_2
02/06/2018 23:12:22 sent 2 clientLeft_2
02/06/2018 23:12:43 sent 2 clientLeft_1
02/06/2018 23:12:45 sent 2 clientLeft_1
02/06/2018 23:13:03 sent 2 clientLeft_1
02/06/2018 23:13:05 sent 2 clientLeft_1
02/06/2018 23:13:08 sent 2 clientLeft_1
02/06/2018 23:13:25 sent 2 clientLeft_1
02/06/2018 23:13:28 sent 2 clientLeft_1
02/06/2018 23:13:31 sent 2 clientLeft_1
02/06/2018 23:13:34 sent 2 clientLeft_1
02/06/2018 23:13:36 sent 2 clientLeft_1
02/06/2018 23:13:43 sent 2 clientLeft_1
02/06/2018 23:14:00 sent 2 clientLeft_1
02/06/2018 23:14:07 sent 2 clientLeft_1
02/06/2018 23:14:10 sent 2 clientLeft_1
02/06/2018 23:14:10 sent 2 clientLeft_2
02/06/2018 23:14:15 BAT DAU thao tac DONG TU
02/06/2018 23:14:15 BAT DAU thao tac DONG TU
02/06/2018 23:14:22 BAT DAU thao tac DONG TU
02/06/2018 23:14:22 BAT DAU thao tac DONG TU
02/06/2018 23:14:48 BAT DAU thao tac DONG TU
02/06/2018 23:14:48 BAT DAU thao tac DONG TU
02/06/2018 23:17:11 BAT DAU thao tac DONG TU
02/06/2018 23:17:11 BAT DAU thao tac DONG TU
02/06/2018 23:17:20 BAT DAU thao tac DONG TU
02/06/2018 23:17:20 BAT DAU thao tac DONG TU
02/06/2018 23:17:41 BAT DAU thao tac DONG TU
02/06/2018 23:17:41 BAT DAU thao tac DONG TU
02/06/2018 23:17:46 BAT DAU thao tac DONG TU
02/06/2018 23:17:46 BAT DAU thao tac DONG TU
02/06/2018 23:17:52 BAT DAU thao tac DONG TU
02/06/2018 23:17:52 BAT DAU thao tac DONG TU
02/06/2018 23:18:08 HE THONG DUNG KHAN CAP
02/06/2018 23:18:08 HE THONG DUNG KHAN CAP
02/06/2018 23:18:22 BAT DAU thao tac DONG TU
02/06/2018 23:18:22 BAT DAU thao tac DONG TU
02/06/2018 23:19:09 HE THONG DUNG KHAN CAP
02/06/2018 23:19:10 HE THONG DUNG KHAN CAP
02/06/2018 23:19:18 BAT DAU thao tac DONG TU
02/06/2018 23:19:18 BAT DAU thao tac DONG TU
02/06/2018 23:19:28 HE THONG DUNG KHAN CAP
02/06/2018 23:19:28 HE THONG DUNG KHAN CAP
02/06/2018 23:20:48 Start log
02/06/2018 23:21:53 Start log
02/06/2018 23:21:53 socket is running - server bat dau hoat dong
02/06/2018 23:22:13 BAT DAU thao tac DONG TU
02/06/2018 23:22:14 sent 2 clientLeft_1
02/06/2018 23:22:17 sent 2 clientLeft_2
02/06/2018 23:22:19 HE THONG DUNG KHAN CAP
02/06/2018 23:22:20 HOAN THANH thao tac DONG TU
02/06/2018 23:22:23 BAT DAU thao tac DONG TU
02/06/2018 23:22:34 BAT DAU thao tac DONG TU
02/06/2018 23:22:35 sent 2 clientLeft_1
02/06/2018 23:22:38 sent 2 clientLeft_2
02/06/2018 23:22:49 HOAN THANH thao tac DONG TU
02/06/2018 23:23:38 Thao tac mo tu tai lieu mo tu - Left_2
02/06/2018 23:23:38 Thao tac mo tu tai lieu mo tu - Left_2
02/06/2018 23:23:45 Thao tac mo tu tai lieu mo tu - Left_2
02/06/2018 23:23:45 Thao tac mo tu tai lieu mo tu - Left_2
02/06/2018 23:23:46 sent 2 clientLeft_2
02/06/2018 23:23:46 sent 2 clientLeft_2
02/06/2018 23:23:59 Hoan thanh thao tac mo tu- Left_2
02/06/2018 23:23:59 Tu Left_2 dang mo
02/06/2018 23:23:59 Hoan thanh thao tac mo tu- Left_2
02/06/2018 23:23:59 Tu Left_2 dang mo
02/06/2018 23:24:01 Thao tac mo tu tai lieu mo tu - Left_1
02/06/2018 23:24:01 Thao tac mo tu tai lieu mo tu - Left_1
02/06/2018 23:24:02 sent 2 clientLeft_1
02/06/2018 23:24:02 sent 2 clientLeft_1
02/06/2018 23:24:14 Hoan thanh thao tac mo tu- Left_1
02/06/2018 23:24:14 Tu Left_1 dang mo
02/06/2018 23:24:14 Hoan thanh thao tac mo tu- Left_1
02/06/2018 23:24:14 Tu Left_1 dang mo
02/06/2018 23:27:12 BAT DAU thao tac DONG TU
02/06/2018 23:27:12 BAT DAU thao tac DONG TU
02/06/2018 23:27:52 BAT DAU thao tac DONG TU
02/06/2018 23:27:52 BAT DAU thao tac DONG TU
02/06/2018 23:28:52 Start log
02/06/2018 23:29:04 Start log
02/06/2018 23:29:04 socket is running - server bat dau hoat dong
02/06/2018 23:29:30 BAT DAU thao tac DONG TU
02/06/2018 23:29:31 sent 2 clientLeft_1
02/06/2018 23:29:34 sent 2 clientLeft_2
02/06/2018 23:29:46 HOAN THANH thao tac DONG TU
02/06/2018 23:29:49 Thao tac mo tu tai lieu mo tu - Left_1
02/06/2018 23:29:49 Thao tac mo tu tai lieu mo tu - Left_1
02/06/2018 23:29:50 sent 2 clientLeft_2
02/06/2018 23:29:50 sent 2 clientLeft_2
02/06/2018 23:29:53 sent 2 clientLeft_1
02/06/2018 23:29:53 sent 2 clientLeft_1
02/06/2018 23:30:06 Hoan thanh thao tac mo tu- Left_1
02/06/2018 23:30:06 Tu Left_1 dang mo
02/06/2018 23:30:06 Hoan thanh thao tac mo tu- Left_1
02/06/2018 23:30:06 Tu Left_1 dang mo
02/06/2018 23:30:10 BAT DAU thao tac DONG TU
02/06/2018 23:30:11 sent 2 clientLeft_1
02/06/2018 23:30:14 sent 2 clientLeft_2
02/06/2018 23:30:25 HOAN THANH thao tac DONG TU
02/06/2018 23:30:40 sent 2 clientLeft_1
02/06/2018 23:30:40 sent 2 clientLeft_2
02/06/2018 23:30:45 sent 2 clientLeft_1
02/06/2018 23:30:45 sent 2 clientLeft_2
02/06/2018 23:30:50 sent 2 clientLeft_1
02/06/2018 23:30:50 sent 2 clientLeft_2
02/06/2018 23:30:57 sent 2 clientLeft_1
02/06/2018 23:30:57 sent 2 clientLeft_2
02/06/2018 23:31:02 sent 2 clientLeft_1
02/06/2018 23:31:02 sent 2 clientLeft_2
02/06/2018 23:31:07 sent 2 clientLeft_2
02/06/2018 23:31:09 sent 2 clientLeft_2
02/06/2018 23:31:23 sent 2 clientLeft_2
02/06/2018 23:31:25 sent 2 clientLeft_2
02/06/2018 23:31:28 sent 2 clientLeft_2
02/06/2018 23:31:38 sent 2 clientLeft_2
02/06/2018 23:31:42 sent 2 clientLeft_2
02/06/2018 23:31:44 sent 2 clientLeft_2
02/06/2018 23:31:46 sent 2 clientLeft_2
02/06/2018 23:31:48 sent 2 clientLeft_2
02/06/2018 23:31:50 sent 2 clientLeft_2
02/06/2018 23:31:53 sent 2 clientLeft_2
02/06/2018 23:31:56 sent 2 clientLeft_2
02/06/2018 23:31:58 sent 2 clientLeft_1
02/06/2018 23:32:00 sent 2 clientLeft_1
02/06/2018 23:32:13 sent 2 clientLeft_1
02/06/2018 23:32:15 sent 2 clientLeft_1
02/06/2018 23:32:22 sent 2 clientLeft_1
02/06/2018 23:32:22 sent 2 clientLeft_2
02/06/2018 23:32:28 BAT DAU thao tac DONG TU
02/06/2018 23:32:38 HE THONG DUNG KHAN CAP
02/06/2018 23:32:39 HE THONG DUNG KHAN CAP
02/06/2018 23:32:41 BAT DAU thao tac DONG TU
02/06/2018 23:32:41 BAT DAU thao tac DONG TU
02/06/2018 23:33:00 HE THONG DUNG KHAN CAP
02/06/2018 23:33:00 HE THONG DUNG KHAN CAP
02/06/2018 23:33:29 BAT DAU thao tac DONG TU
02/06/2018 23:33:30 BAT DAU thao tac DONG TU
02/06/2018 23:33:30 sent 2 clientLeft_1
02/06/2018 23:33:30 sent 2 clientLeft_1
02/06/2018 23:33:30 sent 2 clientLeft_1
02/06/2018 23:33:30 HE THONG DUNG KHAN CAP
02/06/2018 23:33:30 BAT DAU thao tac DONG TU
02/06/2018 23:33:31 BAT DAU thao tac DONG TU
02/06/2018 23:33:31 sent 2 clientLeft_1
02/06/2018 23:33:31 sent 2 clientLeft_1
02/06/2018 23:33:31 sent 2 clientLeft_1
02/06/2018 23:33:31 sent 2 clientLeft_1
02/06/2018 23:33:33 sent 2 clientLeft_2
02/06/2018 23:33:33 sent 2 clientLeft_2
02/06/2018 23:33:33 sent 2 clientLeft_2
02/06/2018 23:33:34 sent 2 clientLeft_2
02/06/2018 23:33:34 sent 2 clientLeft_2
02/06/2018 23:33:34 sent 2 clientLeft_2
02/06/2018 23:33:34 sent 2 clientLeft_2
02/06/2018 23:33:45 HOAN THANH thao tac DONG TU
02/06/2018 23:33:45 HOAN THANH thao tac DONG TU
02/06/2018 23:33:45 HOAN THANH thao tac DONG TU
02/06/2018 23:33:45 HOAN THANH thao tac DONG TU
02/06/2018 23:33:45 HOAN THANH thao tac DONG TU
02/06/2018 23:33:45 HOAN THANH thao tac DONG TU
02/06/2018 23:33:45 HOAN THANH thao tac DONG TU
